Log file open, 05/07/20 06:28:00
LogWindows: Failed to load 'aqProf.dll' (GetLastError=126)
LogWindows: File 'aqProf.dll' does not exist
LogWindows: Failed to load 'VtuneApi.dll' (GetLastError=126)
LogWindows: File 'VtuneApi.dll' does not exist
LogWindows: Failed to load 'VtuneApi32e.dll' (GetLastError=126)
LogWindows: File 'VtuneApi32e.dll' does not exist
LogConsoleResponse: Display: Failed to find resolution value strings in scalability ini. Falling back to default.
LogInit: Display: Running engine for game: Dissertation
LogPlatformFile: Not using cached read wrapper
LogTaskGraph: Started task graph with 5 named threads and 35 total threads with 3 sets of task threads.
LogStats: Stats thread started at 0.077852
LogD3D11RHI: Loaded GFSDK_Aftermath_Lib.x64.dll
LogICUInternationalization: ICU TimeZone Detection - Raw Offset: +0:00, Platform Override: ''
LogPluginManager: Mounting plugin Paper2D
LogPluginManager: Mounting plugin AISupport
LogPluginManager: Mounting plugin LightPropagationVolume
LogPluginManager: Mounting plugin ActorLayerUtilities
LogPluginManager: Mounting plugin AnimationSharing
LogPluginManager: Mounting plugin CLionSourceCodeAccess
LogPluginManager: Mounting plugin CodeLiteSourceCodeAccess
LogPluginManager: Mounting plugin GitSourceControl
LogPluginManager: Mounting plugin KDevelopSourceCodeAccess
LogPluginManager: Mounting plugin NullSourceCodeAccess
LogPluginManager: Mounting plugin PerforceSourceControl
LogPluginManager: Mounting plugin PlasticSourceControl
LogPluginManager: Mounting plugin SubversionSourceControl
LogPluginManager: Mounting plugin UObjectPlugin
LogPluginManager: Mounting plugin VisualStudioCodeSourceCodeAccess
LogPluginManager: Mounting plugin VisualStudioSourceCodeAccess
LogPluginManager: Mounting plugin XCodeSourceCodeAccess
LogPluginManager: Mounting plugin AssetManagerEditor
LogPluginManager: Mounting plugin CryptoKeys
LogPluginManager: Mounting plugin CurveEditorTools
LogPluginManager: Mounting plugin DataValidation
LogPluginManager: Mounting plugin FacialAnimation
LogPluginManager: Mounting plugin GameplayTagsEditor
LogPluginManager: Mounting plugin MacGraphicsSwitching
LogPluginManager: Mounting plugin MaterialAnalyzer
LogPluginManager: Mounting plugin MobileLauncherProfileWizard
LogPluginManager: Mounting plugin PluginBrowser
LogPluginManager: Mounting plugin SpeedTreeImporter
LogPluginManager: Mounting plugin DatasmithContent
LogPluginManager: Mounting plugin VariantManagerContent
LogPluginManager: Mounting plugin AlembicImporter
LogPluginManager: Mounting plugin AutomationUtils
LogPluginManager: Mounting plugin BackChannel
LogPluginManager: Mounting plugin CharacterAI
LogPluginManager: Mounting plugin GeometryCache
LogPluginManager: Mounting plugin PlatformCrypto
LogPluginManager: Mounting plugin ProxyLODPlugin
LogPluginManager: Mounting plugin SkeletalReduction
LogPluginManager: Mounting plugin MagicLeap
LogPluginManager: Mounting plugin MagicLeapMedia
LogPluginManager: Mounting plugin MLSDK
LogPluginManager: Mounting plugin AndroidMedia
LogPluginManager: Mounting plugin AvfMedia
LogPluginManager: Mounting plugin ImgMedia
LogPluginManager: Mounting plugin MediaCompositing
LogPluginManager: Mounting plugin MediaPlayerEditor
LogPluginManager: Mounting plugin WebMMedia
LogPluginManager: Mounting plugin WmfMedia
LogPluginManager: Mounting plugin TcpMessaging
LogPluginManager: Mounting plugin UdpMessaging
LogPluginManager: Mounting plugin ActorSequence
LogPluginManager: Mounting plugin LevelSequenceEditor
LogPluginManager: Mounting plugin MatineeToLevelSequence
LogPluginManager: Mounting plugin NetcodeUnitTest
LogPluginManager: Mounting plugin NUTUnrealEngine4
LogPluginManager: Mounting plugin OnlineSubsystemGooglePlay
LogPluginManager: Mounting plugin OnlineSubsystemIOS
LogPluginManager: Mounting plugin OnlineSubsystem
LogPluginManager: Mounting plugin OnlineSubsystemNull
LogPluginManager: Mounting plugin OnlineSubsystemUtils
LogPluginManager: Mounting plugin LauncherChunkInstaller
LogPluginManager: Mounting plugin AndroidDeviceProfileSelector
LogPluginManager: Mounting plugin AndroidMoviePlayer
LogPluginManager: Mounting plugin AndroidPermission
LogPluginManager: Mounting plugin AppleImageUtils
LogPluginManager: Mounting plugin AppleMoviePlayer
LogPluginManager: Mounting plugin ArchVisCharacter
LogPluginManager: Mounting plugin AssetTags
LogPluginManager: Mounting plugin AudioCapture
LogPluginManager: Mounting plugin CableComponent
LogPluginManager: Mounting plugin CustomMeshComponent
LogPluginManager: Mounting plugin EditableMesh
LogPluginManager: Mounting plugin ExampleDeviceProfileSelector
LogPluginManager: Mounting plugin GoogleCloudMessaging
LogPluginManager: Mounting plugin IOSDeviceProfileSelector
LogPluginManager: Mounting plugin LinuxDeviceProfileSelector
LogPluginManager: Mounting plugin LocationServicesBPLibrary
LogPluginManager: Mounting plugin MobilePatchingUtils
LogPluginManager: Mounting plugin OculusVR
LogPluginManager: Mounting plugin PhysXVehicles
LogPluginManager: Mounting plugin PostSplashScreen
LogPluginManager: Mounting plugin ProceduralMeshComponent
LogPluginManager: Mounting plugin RuntimePhysXCooking
LogPluginManager: Mounting plugin SignificanceManager
LogPluginManager: Mounting plugin SteamVR
LogPluginManager: Mounting plugin WebMMoviePlayer
LogPluginManager: Mounting plugin WindowsMoviePlayer
LogPluginManager: Mounting plugin ScreenshotTools
LogInit: Using libcurl 7.55.1-DEV
LogInit:  - built for x86_64-pc-win32
LogInit:  - supports SSL with OpenSSL/1.1.1
LogInit:  - supports HTTP deflate (compression) using libz 1.2.8
LogInit:  - other features:
LogInit:      CURL_VERSION_SSL
LogInit:      CURL_VERSION_LIBZ
LogInit:      CURL_VERSION_IPV6
LogInit:      CURL_VERSION_ASYNCHDNS
LogInit:      CURL_VERSION_LARGEFILE
LogInit:      CURL_VERSION_IDN
LogInit:  CurlRequestOptions (configurable via config and command line):
LogInit:  - bVerifyPeer = true  - Libcurl will verify peer certificate
LogInit:  - bUseHttpProxy = false  - Libcurl will NOT use HTTP proxy
LogInit:  - bDontReuseConnections = false  - Libcurl will reuse connections
LogInit:  - MaxHostConnections = 16  - Libcurl will limit the number of connections to a host
LogInit:  - LocalHostAddr = Default
LogInit:  - BufferSize = 65536
LogOnline: OSS: Creating online subsystem instance for: NULL
LogInit: WinSock: version 1.1 (2.2), MaxSocks=32767, MaxUdp=65467
LogOnline: OSS: TryLoadSubsystemAndSetDefault: Loaded subsystem for module [NULL]
LogInit: Build: ++UE4+Release-4.24-CL-11590370
LogInit: Engine Version: 4.24.3-11590370+++UE4+Release-4.24
LogInit: Compatible Engine Version: 4.24.0-10570792+++UE4+Release-4.24
LogInit: Net CL: 10570792
LogInit: OS: Windows 10 (Release 1909) (), CPU: AMD Ryzen 5 2600 Six-Core Processor            , GPU: NVIDIA GeForce GTX 1070
LogInit: Compiled (64-bit): Feb 24 2020 15:39:18
LogInit: Compiled with Visual C++: 19.16.27032.01
LogInit: Build Configuration: Development
LogInit: Branch Name: ++UE4+Release-4.24
LogInit: Command Line:  -EpicPortal -epicusername=AJWinchester -epicuserid=153a06816e804c0ea7304d4ef4ffd6e2 -epiclocale=en
LogInit: Base Directory: D:/Program Files/Epic Games/UE_4.24/Engine/Binaries/Win64/
LogInit: Installed Engine Build: 1
LogDevObjectVersion: Number of dev versions registered: 25
LogDevObjectVersion:   Dev-Blueprints (B0D832E4-1F89-4F0D-ACCF-7EB736FD4AA2): 10
LogDevObjectVersion:   Dev-Build (E1C64328-A22C-4D53-A36C-8E866417BD8C): 0
LogDevObjectVersion:   Dev-Core (375EC13C-06E4-48FB-B500-84F0262A717E): 3
LogDevObjectVersion:   Dev-Editor (E4B068ED-F494-42E9-A231-DA0B2E46BB41): 37
LogDevObjectVersion:   Dev-Framework (CFFC743F-43B0-4480-9391-14DF171D2073): 36
LogDevObjectVersion:   Dev-Mobile (B02B49B5-BB20-44E9-A304-32B752E40360): 2
LogDevObjectVersion:   Dev-Networking (A4E4105C-59A1-49B5-A7C5-40C4547EDFEE): 0
LogDevObjectVersion:   Dev-Online (39C831C9-5AE6-47DC-9A44-9C173E1C8E7C): 0
LogDevObjectVersion:   Dev-Physics (78F01B33-EBEA-4F98-B9B4-84EACCB95AA2): 2
LogDevObjectVersion:   Dev-Platform (6631380F-2D4D-43E0-8009-CF276956A95A): 0
LogDevObjectVersion:   Dev-Rendering (12F88B9F-8875-4AFC-A67C-D90C383ABD29): 36
LogDevObjectVersion:   Dev-Sequencer (7B5AE74C-D270-4C10-A958-57980B212A5A): 11
LogDevObjectVersion:   Dev-VR (D7296918-1DD6-4BDD-9DE2-64A83CC13884): 2
LogDevObjectVersion:   Dev-LoadTimes (C2A15278-BFE7-4AFE-6C17-90FF531DF755): 1
LogDevObjectVersion:   Private-Geometry (6EACA3D4-40EC-4CC1-B786-8BED09428FC5): 3
LogDevObjectVersion:   Dev-AnimPhys (29E575DD-E0A3-4627-9D10-D276232CDCEA): 17
LogDevObjectVersion:   Dev-Anim (AF43A65D-7FD3-4947-9873-3E8ED9C1BB05): 2
LogDevObjectVersion:   Dev-ReflectionCapture (6B266CEC-1EC7-4B8F-A30B-E4D90942FC07): 1
LogDevObjectVersion:   Dev-Automation (0DF73D61-A23F-47EA-B727-89E90C41499A): 1
LogDevObjectVersion:   FortniteMain (601D1886-AC64-4F84-AA16-D3DE0DEAC7D6): 31
LogDevObjectVersion:   Dev-Enterprise (9DFFBCD6-494F-0158-E221-12823C92A888): 8
LogDevObjectVersion:   Dev-Niagara (F2AED0AC-9AFE-416F-8664-AA7FFA26D6FC): 1
LogDevObjectVersion:   Dev-Destruction (174F1F0B-B4C6-45A5-B13F-2EE8D0FB917D): 9
LogDevObjectVersion:   Dev-Physics-Ext (35F94A83-E258-406C-A318-09F59610247C): 8
LogDevObjectVersion:   Dev-CineCamera (B2E18506-4273-CFC2-A54E-F4BB758BBA07): 1
LogInit: Presizing for max 25165824 objects, including 0 objects not considered by GC, pre-allocating 0 bytes for permanent pool.
LogInit: Object subsystem initialized
LogConfig: Setting CVar [[con.DebugEarlyDefault:1]]
LogConfig: Setting CVar [[r.setres:1280x720]]
[2020.05.07-05.28.00:351][  0]LogConfig: Setting CVar [[r.VSync:0]]
[2020.05.07-05.28.00:351][  0]LogConfig: Setting CVar [[r.RHICmdBypass:0]]
[2020.05.07-05.28.00:351][  0]LogConfig: Applying CVar settings from Section [/Script/Engine.RendererSettings] File [F:/01 - User Profiles/dudey/Documents/GitHub/Dissertation/Dissertation/Dissertation/Saved/Config/Windows/Engine.ini]
[2020.05.07-05.28.00:351][  0]LogConfig: Setting CVar [[r.GPUCrashDebugging:0]]
[2020.05.07-05.28.00:351][  0]LogConfig: Applying CVar settings from Section [/Script/Engine.RendererOverrideSettings] File [F:/01 - User Profiles/dudey/Documents/GitHub/Dissertation/Dissertation/Dissertation/Saved/Config/Windows/Engine.ini]
[2020.05.07-05.28.00:351][  0]LogConfig: Applying CVar settings from Section [/Script/Engine.StreamingSettings] File [F:/01 - User Profiles/dudey/Documents/GitHub/Dissertation/Dissertation/Dissertation/Saved/Config/Windows/Engine.ini]
[2020.05.07-05.28.00:351][  0]LogConfig: Setting CVar [[s.MinBulkDataSizeForAsyncLoading:131072]]
[2020.05.07-05.28.00:351][  0]LogConfig: Setting CVar [[s.AsyncLoadingThreadEnabled:0]]
[2020.05.07-05.28.00:351][  0]LogConfig: Setting CVar [[s.EventDrivenLoaderEnabled:1]]
[2020.05.07-05.28.00:351][  0]LogConfig: Setting CVar [[s.WarnIfTimeLimitExceeded:0]]
[2020.05.07-05.28.00:351][  0]LogConfig: Setting CVar [[s.TimeLimitExceededMultiplier:1.5]]
[2020.05.07-05.28.00:351][  0]LogConfig: Setting CVar [[s.TimeLimitExceededMinTime:0.005]]
[2020.05.07-05.28.00:351][  0]LogConfig: Setting CVar [[s.UseBackgroundLevelStreaming:1]]
[2020.05.07-05.28.00:351][  0]LogConfig: Setting CVar [[s.PriorityAsyncLoadingExtraTime:15.0]]
[2020.05.07-05.28.00:351][  0]LogConfig: Setting CVar [[s.LevelStreamingActorsUpdateTimeLimit:5.0]]
[2020.05.07-05.28.00:351][  0]LogConfig: Setting CVar [[s.PriorityLevelStreamingActorsUpdateExtraTime:5.0]]
[2020.05.07-05.28.00:351][  0]LogConfig: Setting CVar [[s.LevelStreamingComponentsRegistrationGranularity:10]]
[2020.05.07-05.28.00:351][  0]LogConfig: Setting CVar [[s.UnregisterComponentsTimeLimit:1.0]]
[2020.05.07-05.28.00:351][  0]LogConfig: Setting CVar [[s.LevelStreamingComponentsUnregistrationGranularity:5]]
[2020.05.07-05.28.00:351][  0]LogConfig: Setting CVar [[s.FlushStreamingOnExit:1]]
[2020.05.07-05.28.00:351][  0]LogConfig: Applying CVar settings from Section [/Script/Engine.GarbageCollectionSettings] File [F:/01 - User Profiles/dudey/Documents/GitHub/Dissertation/Dissertation/Dissertation/Saved/Config/Windows/Engine.ini]
[2020.05.07-05.28.00:351][  0]LogConfig: Setting CVar [[gc.MaxObjectsNotConsideredByGC:1]]
[2020.05.07-05.28.00:351][  0]LogConfig: Setting CVar [[gc.SizeOfPermanentObjectPool:0]]
[2020.05.07-05.28.00:351][  0]LogConfig: Setting CVar [[gc.FlushStreamingOnGC:0]]
[2020.05.07-05.28.00:351][  0]LogConfig: Setting CVar [[gc.NumRetriesBeforeForcingGC:10]]
[2020.05.07-05.28.00:351][  0]LogConfig: Setting CVar [[gc.AllowParallelGC:1]]
[2020.05.07-05.28.00:351][  0]LogConfig: Setting CVar [[gc.TimeBetweenPurgingPendingKillObjects:61.1]]
[2020.05.07-05.28.00:351][  0]LogConfig: Setting CVar [[gc.MaxObjectsInEditor:25165824]]
[2020.05.07-05.28.00:351][  0]LogConfig: Setting CVar [[gc.IncrementalBeginDestroyEnabled:1]]
[2020.05.07-05.28.00:351][  0]LogConfig: Setting CVar [[gc.CreateGCClusters:1]]
[2020.05.07-05.28.00:351][  0]LogConfig: Setting CVar [[gc.MinGCClusterSize:5]]
[2020.05.07-05.28.00:351][  0]LogConfig: Setting CVar [[gc.ActorClusteringEnabled:0]]
[2020.05.07-05.28.00:351][  0]LogConfig: Setting CVar [[gc.BlueprintClusteringEnabled:0]]
[2020.05.07-05.28.00:351][  0]LogConfig: Setting CVar [[gc.UseDisregardForGCOnDedicatedServers:0]]
[2020.05.07-05.28.00:351][  0]LogConfig: Applying CVar settings from Section [/Script/Engine.NetworkSettings] File [F:/01 - User Profiles/dudey/Documents/GitHub/Dissertation/Dissertation/Dissertation/Saved/Config/Windows/Engine.ini]
[2020.05.07-05.28.00:352][  0]LogConfig: Applying CVar settings from Section [/Script/UnrealEd.CookerSettings] File [F:/01 - User Profiles/dudey/Documents/GitHub/Dissertation/Dissertation/Dissertation/Saved/Config/Windows/Engine.ini]
[2020.05.07-05.28.00:365][  0]LogConfig: Applying CVar settings from Section [ViewDistanceQuality@3] File [F:/01 - User Profiles/dudey/Documents/GitHub/Dissertation/Dissertation/Dissertation/Saved/Config/Windows/Scalability.ini]
[2020.05.07-05.28.00:365][  0]LogConfig: Setting CVar [[r.SkeletalMeshLODBias:0]]
[2020.05.07-05.28.00:366][  0]LogConfig: Setting CVar [[r.ViewDistanceScale:1.0]]
[2020.05.07-05.28.00:366][  0]LogConfig: Applying CVar settings from Section [AntiAliasingQuality@3] File [F:/01 - User Profiles/dudey/Documents/GitHub/Dissertation/Dissertation/Dissertation/Saved/Config/Windows/Scalability.ini]
[2020.05.07-05.28.00:366][  0]LogConfig: Setting CVar [[r.PostProcessAAQuality:4]]
[2020.05.07-05.28.00:366][  0]LogConfig: Applying CVar settings from Section [ShadowQuality@3] File [F:/01 - User Profiles/dudey/Documents/GitHub/Dissertation/Dissertation/Dissertation/Saved/Config/Windows/Scalability.ini]
[2020.05.07-05.28.00:366][  0]LogConfig: Setting CVar [[r.LightFunctionQuality:1]]
[2020.05.07-05.28.00:366][  0]LogConfig: Setting CVar [[r.ShadowQuality:5]]
[2020.05.07-05.28.00:366][  0]LogConfig: Setting CVar [[r.Shadow.CSM.MaxCascades:10]]
[2020.05.07-05.28.00:366][  0]LogConfig: Setting CVar [[r.Shadow.MaxResolution:2048]]
[2020.05.07-05.28.00:366][  0]LogConfig: Setting CVar [[r.Shadow.MaxCSMResolution:2048]]
[2020.05.07-05.28.00:366][  0]LogConfig: Setting CVar [[r.Shadow.RadiusThreshold:0.01]]
[2020.05.07-05.28.00:366][  0]LogConfig: Setting CVar [[r.Shadow.DistanceScale:1.0]]
[2020.05.07-05.28.00:366][  0]LogConfig: Setting CVar [[r.Shadow.CSM.TransitionScale:1.0]]
[2020.05.07-05.28.00:366][  0]LogConfig: Setting CVar [[r.Shadow.PreShadowResolutionFactor:1.0]]
[2020.05.07-05.28.00:366][  0]LogConfig: Setting CVar [[r.DistanceFieldShadowing:1]]
[2020.05.07-05.28.00:366][  0]LogConfig: Setting CVar [[r.DistanceFieldAO:1]]
[2020.05.07-05.28.00:366][  0]LogConfig: Setting CVar [[r.AOQuality:2]]
[2020.05.07-05.28.00:366][  0]LogConfig: Setting CVar [[r.VolumetricFog:1]]
[2020.05.07-05.28.00:366][  0]LogConfig: Setting CVar [[r.VolumetricFog.GridPixelSize:8]]
[2020.05.07-05.28.00:366][  0]LogConfig: Setting CVar [[r.VolumetricFog.GridSizeZ:128]]
[2020.05.07-05.28.00:366][  0]LogConfig: Setting CVar [[r.VolumetricFog.HistoryMissSupersampleCount:4]]
[2020.05.07-05.28.00:366][  0]LogConfig: Setting CVar [[r.LightMaxDrawDistanceScale:1]]
[2020.05.07-05.28.00:366][  0]LogConfig: Setting CVar [[r.CapsuleShadows:1]]
[2020.05.07-05.28.00:366][  0]LogConfig: Applying CVar settings from Section [PostProcessQuality@3] File [F:/01 - User Profiles/dudey/Documents/GitHub/Dissertation/Dissertation/Dissertation/Saved/Config/Windows/Scalability.ini]
[2020.05.07-05.28.00:366][  0]LogConfig: Setting CVar [[r.MotionBlurQuality:4]]
[2020.05.07-05.28.00:366][  0]LogConfig: Setting CVar [[r.AmbientOcclusionMipLevelFactor:0.4]]
[2020.05.07-05.28.00:366][  0]LogConfig: Setting CVar [[r.AmbientOcclusionMaxQuality:100]]
[2020.05.07-05.28.00:366][  0]LogConfig: Setting CVar [[r.AmbientOcclusionLevels:-1]]
[2020.05.07-05.28.00:366][  0]LogConfig: Setting CVar [[r.AmbientOcclusionRadiusScale:1.0]]
[2020.05.07-05.28.00:366][  0]LogConfig: Setting CVar [[r.DepthOfFieldQuality:2]]
[2020.05.07-05.28.00:366][  0]LogConfig: Setting CVar [[r.RenderTargetPoolMin:400]]
[2020.05.07-05.28.00:366][  0]LogConfig: Setting CVar [[r.LensFlareQuality:2]]
[2020.05.07-05.28.00:366][  0]LogConfig: Setting CVar [[r.SceneColorFringeQuality:1]]
[2020.05.07-05.28.00:366][  0]LogConfig: Setting CVar [[r.EyeAdaptationQuality:2]]
[2020.05.07-05.28.00:366][  0]LogConfig: Setting CVar [[r.BloomQuality:5]]
[2020.05.07-05.28.00:366][  0]LogConfig: Setting CVar [[r.FastBlurThreshold:100]]
[2020.05.07-05.28.00:366][  0]LogConfig: Setting CVar [[r.Upscale.Quality:3]]
[2020.05.07-05.28.00:366][  0]LogConfig: Setting CVar [[r.Tonemapper.GrainQuantization:1]]
[2020.05.07-05.28.00:366][  0]LogConfig: Setting CVar [[r.LightShaftQuality:1]]
[2020.05.07-05.28.00:366][  0]LogConfig: Setting CVar [[r.Filter.SizeScale:1]]
[2020.05.07-05.28.00:366][  0]LogConfig: Setting CVar [[r.Tonemapper.Quality:5]]
[2020.05.07-05.28.00:366][  0]LogConfig: Setting CVar [[r.DOF.Gather.AccumulatorQuality:1        ; higher gathering accumulator quality]]
[2020.05.07-05.28.00:366][  0]LogConfig: Setting CVar [[r.DOF.Gather.PostfilterMethod:1          ; Median3x3 postfilering method]]
[2020.05.07-05.28.00:366][  0]LogConfig: Setting CVar [[r.DOF.Gather.EnableBokehSettings:0       ; no bokeh simulation when gathering]]
[2020.05.07-05.28.00:366][  0]LogConfig: Setting CVar [[r.DOF.Gather.RingCount:4                 ; medium number of samples when gathering]]
[2020.05.07-05.28.00:366][  0]LogConfig: Setting CVar [[r.DOF.Scatter.ForegroundCompositing:1    ; additive foreground scattering]]
[2020.05.07-05.28.00:366][  0]LogConfig: Setting CVar [[r.DOF.Scatter.BackgroundCompositing:2    ; additive background scattering]]
[2020.05.07-05.28.00:366][  0]LogConfig: Setting CVar [[r.DOF.Scatter.EnableBokehSettings:1      ; bokeh simulation when scattering]]
[2020.05.07-05.28.00:366][  0]LogConfig: Setting CVar [[r.DOF.Scatter.MaxSpriteRatio:0.1         ; only a maximum of 10% of scattered bokeh]]
[2020.05.07-05.28.00:366][  0]LogConfig: Setting CVar [[r.DOF.Recombine.Quality:1                ; cheap slight out of focus]]
[2020.05.07-05.28.00:366][  0]LogConfig: Setting CVar [[r.DOF.Recombine.EnableBokehSettings:0    ; no bokeh simulation on slight out of focus]]
[2020.05.07-05.28.00:366][  0]LogConfig: Setting CVar [[r.DOF.TemporalAAQuality:1                ; more stable temporal accumulation]]
[2020.05.07-05.28.00:366][  0]LogConfig: Setting CVar [[r.DOF.Kernel.MaxForegroundRadius:0.025]]
[2020.05.07-05.28.00:366][  0]LogConfig: Setting CVar [[r.DOF.Kernel.MaxBackgroundRadius:0.025]]
[2020.05.07-05.28.00:366][  0]LogConfig: Applying CVar settings from Section [TextureQuality@3] File [F:/01 - User Profiles/dudey/Documents/GitHub/Dissertation/Dissertation/Dissertation/Saved/Config/Windows/Scalability.ini]
[2020.05.07-05.28.00:366][  0]LogConfig: Setting CVar [[r.Streaming.MipBias:0]]
[2020.05.07-05.28.00:366][  0]LogConfig: Setting CVar [[r.Streaming.AmortizeCPUToGPUCopy:0]]
[2020.05.07-05.28.00:366][  0]LogConfig: Setting CVar [[r.Streaming.MaxNumTexturesToStreamPerFrame:0]]
[2020.05.07-05.28.00:366][  0]LogConfig: Setting CVar [[r.Streaming.Boost:1]]
[2020.05.07-05.28.00:366][  0]LogConfig: Setting CVar [[r.MaxAnisotropy:8]]
[2020.05.07-05.28.00:366][  0]LogConfig: Setting CVar [[r.VT.MaxAnisotropy:8]]
[2020.05.07-05.28.00:366][  0]LogConfig: Setting CVar [[r.Streaming.LimitPoolSizeToVRAM:0]]
[2020.05.07-05.28.00:366][  0]LogConfig: Setting CVar [[r.Streaming.PoolSize:1000]]
[2020.05.07-05.28.00:366][  0]LogConfig: Setting CVar [[r.Streaming.MaxEffectiveScreenSize:0]]
[2020.05.07-05.28.00:366][  0]LogConfig: Applying CVar settings from Section [EffectsQuality@3] File [F:/01 - User Profiles/dudey/Documents/GitHub/Dissertation/Dissertation/Dissertation/Saved/Config/Windows/Scalability.ini]
[2020.05.07-05.28.00:367][  0]LogConfig: Setting CVar [[r.TranslucencyLightingVolumeDim:64]]
[2020.05.07-05.28.00:367][  0]LogConfig: Setting CVar [[r.RefractionQuality:2]]
[2020.05.07-05.28.00:367][  0]LogConfig: Setting CVar [[r.SSR.Quality:3]]
[2020.05.07-05.28.00:367][  0]LogConfig: Setting CVar [[r.SSR.HalfResSceneColor:0]]
[2020.05.07-05.28.00:367][  0]LogConfig: Setting CVar [[r.SceneColorFormat:4]]
[2020.05.07-05.28.00:367][  0]LogConfig: Setting CVar [[r.DetailMode:2]]
[2020.05.07-05.28.00:367][  0]LogConfig: Setting CVar [[r.TranslucencyVolumeBlur:1]]
[2020.05.07-05.28.00:367][  0]LogConfig: Setting CVar [[r.MaterialQualityLevel:1 ; High quality]]
[2020.05.07-05.28.00:367][  0]LogConfig: Setting CVar [[r.SSS.Scale:1]]
[2020.05.07-05.28.00:367][  0]LogConfig: Setting CVar [[r.SSS.SampleSet:2]]
[2020.05.07-05.28.00:367][  0]LogConfig: Setting CVar [[r.SSS.Quality:1]]
[2020.05.07-05.28.00:367][  0]LogConfig: Setting CVar [[r.SSS.HalfRes:1]]
[2020.05.07-05.28.00:367][  0]LogConfig: Setting CVar [[r.SSGI.Quality:3]]
[2020.05.07-05.28.00:367][  0]LogConfig: Setting CVar [[r.EmitterSpawnRateScale:1.0]]
[2020.05.07-05.28.00:367][  0]LogConfig: Setting CVar [[r.ParticleLightQuality:2]]
[2020.05.07-05.28.00:367][  0]LogConfig: Setting CVar [[r.SkyAtmosphere.AerialPerspectiveLUT.FastApplyOnOpaque:1 ; Always have FastSkyLUT 1 in this case to avoid wrong sky]]
[2020.05.07-05.28.00:367][  0]LogConfig: Setting CVar [[r.SkyAtmosphere.AerialPerspectiveLUT.SampleCountPerSlice:1]]
[2020.05.07-05.28.00:367][  0]LogConfig: Setting CVar [[r.SkyAtmosphere.AerialPerspectiveLUT.DepthResolution:16.0]]
[2020.05.07-05.28.00:367][  0]LogConfig: Setting CVar [[r.SkyAtmosphere.FastSkyLUT:1]]
[2020.05.07-05.28.00:367][  0]LogConfig: Setting CVar [[r.SkyAtmosphere.FastSkyLUT.SampleCountMin:4.0]]
[2020.05.07-05.28.00:367][  0]LogConfig: Setting CVar [[r.SkyAtmosphere.FastSkyLUT.SampleCountMax:32.0]]
[2020.05.07-05.28.00:367][  0]LogConfig: Setting CVar [[r.SkyAtmosphere.SampleCountMin:4.0]]
[2020.05.07-05.28.00:367][  0]LogConfig: Setting CVar [[r.SkyAtmosphere.SampleCountMax:32.0]]
[2020.05.07-05.28.00:367][  0]LogConfig: Setting CVar [[r.SkyAtmosphere.TransmittanceLUT.UseSmallFormat:0]]
[2020.05.07-05.28.00:367][  0]LogConfig: Setting CVar [[r.SkyAtmosphere.TransmittanceLUT.SampleCount:10.0]]
[2020.05.07-05.28.00:367][  0]LogConfig: Setting CVar [[r.SkyAtmosphere.MultiScatteringLUT.SampleCount:15.0]]
[2020.05.07-05.28.00:367][  0]LogConfig: Applying CVar settings from Section [FoliageQuality@3] File [F:/01 - User Profiles/dudey/Documents/GitHub/Dissertation/Dissertation/Dissertation/Saved/Config/Windows/Scalability.ini]
[2020.05.07-05.28.00:367][  0]LogConfig: Setting CVar [[foliage.DensityScale:1.0]]
[2020.05.07-05.28.00:367][  0]LogConfig: Setting CVar [[grass.DensityScale:1.0]]
[2020.05.07-05.28.00:367][  0]LogConfig: Applying CVar settings from Section [ShadingQuality@3] File [F:/01 - User Profiles/dudey/Documents/GitHub/Dissertation/Dissertation/Dissertation/Saved/Config/Windows/Scalability.ini]
[2020.05.07-05.28.00:367][  0]LogConfig: Setting CVar [[r.HairStrands.SkyLighting.SampleCount:16]]
[2020.05.07-05.28.00:367][  0]LogConfig: Setting CVar [[r.HairStrands.SkyLighting.JitterIntegration:0]]
[2020.05.07-05.28.00:367][  0]LogConfig: Setting CVar [[r.HairStrands.SkyAO.SampleCount:16]]
[2020.05.07-05.28.00:367][  0]LogInit: Selected Device Profile: [Windows]
[2020.05.07-05.28.00:367][  0]LogInit: Applying CVar settings loaded from the selected device profile: [Windows]
[2020.05.07-05.28.00:371][  0]LogHAL: Display: Platform has ~ 16 GB [17102729216 / 17179869184 / 16], which maps to Larger [LargestMinGB=32, LargerMinGB=12, DefaultMinGB=8, SmallerMinGB=6, SmallestMinGB=0)
[2020.05.07-05.28.00:371][  0]LogInit: Going up to parent DeviceProfile []
[2020.05.07-05.28.00:371][  0]LogConfig: Applying CVar settings from Section [ViewDistanceQuality@3] File [F:/01 - User Profiles/dudey/Documents/GitHub/Dissertation/Dissertation/Dissertation/Saved/Config/Windows/Scalability.ini]
[2020.05.07-05.28.00:371][  0]LogConfig: Setting CVar [[r.SkeletalMeshLODBias:0]]
[2020.05.07-05.28.00:371][  0]LogConfig: Setting CVar [[r.ViewDistanceScale:1.0]]
[2020.05.07-05.28.00:371][  0]LogConfig: Applying CVar settings from Section [AntiAliasingQuality@3] File [F:/01 - User Profiles/dudey/Documents/GitHub/Dissertation/Dissertation/Dissertation/Saved/Config/Windows/Scalability.ini]
[2020.05.07-05.28.00:371][  0]LogConfig: Setting CVar [[r.PostProcessAAQuality:4]]
[2020.05.07-05.28.00:371][  0]LogConfig: Applying CVar settings from Section [ShadowQuality@3] File [F:/01 - User Profiles/dudey/Documents/GitHub/Dissertation/Dissertation/Dissertation/Saved/Config/Windows/Scalability.ini]
[2020.05.07-05.28.00:371][  0]LogConfig: Setting CVar [[r.LightFunctionQuality:1]]
[2020.05.07-05.28.00:371][  0]LogConfig: Setting CVar [[r.ShadowQuality:5]]
[2020.05.07-05.28.00:371][  0]LogConfig: Setting CVar [[r.Shadow.CSM.MaxCascades:10]]
[2020.05.07-05.28.00:371][  0]LogConfig: Setting CVar [[r.Shadow.MaxResolution:2048]]
[2020.05.07-05.28.00:371][  0]LogConfig: Setting CVar [[r.Shadow.MaxCSMResolution:2048]]
[2020.05.07-05.28.00:371][  0]LogConfig: Setting CVar [[r.Shadow.RadiusThreshold:0.01]]
[2020.05.07-05.28.00:371][  0]LogConfig: Setting CVar [[r.Shadow.DistanceScale:1.0]]
[2020.05.07-05.28.00:371][  0]LogConfig: Setting CVar [[r.Shadow.CSM.TransitionScale:1.0]]
[2020.05.07-05.28.00:371][  0]LogConfig: Setting CVar [[r.Shadow.PreShadowResolutionFactor:1.0]]
[2020.05.07-05.28.00:371][  0]LogConfig: Setting CVar [[r.DistanceFieldShadowing:1]]
[2020.05.07-05.28.00:371][  0]LogConfig: Setting CVar [[r.DistanceFieldAO:1]]
[2020.05.07-05.28.00:372][  0]LogConfig: Setting CVar [[r.AOQuality:2]]
[2020.05.07-05.28.00:372][  0]LogConfig: Setting CVar [[r.VolumetricFog:1]]
[2020.05.07-05.28.00:372][  0]LogConfig: Setting CVar [[r.VolumetricFog.GridPixelSize:8]]
[2020.05.07-05.28.00:372][  0]LogConfig: Setting CVar [[r.VolumetricFog.GridSizeZ:128]]
[2020.05.07-05.28.00:372][  0]LogConfig: Setting CVar [[r.VolumetricFog.HistoryMissSupersampleCount:4]]
[2020.05.07-05.28.00:372][  0]LogConfig: Setting CVar [[r.LightMaxDrawDistanceScale:1]]
[2020.05.07-05.28.00:372][  0]LogConfig: Setting CVar [[r.CapsuleShadows:1]]
[2020.05.07-05.28.00:372][  0]LogConfig: Applying CVar settings from Section [PostProcessQuality@3] File [F:/01 - User Profiles/dudey/Documents/GitHub/Dissertation/Dissertation/Dissertation/Saved/Config/Windows/Scalability.ini]
[2020.05.07-05.28.00:372][  0]LogConfig: Setting CVar [[r.MotionBlurQuality:4]]
[2020.05.07-05.28.00:372][  0]LogConfig: Setting CVar [[r.AmbientOcclusionMipLevelFactor:0.4]]
[2020.05.07-05.28.00:372][  0]LogConfig: Setting CVar [[r.AmbientOcclusionMaxQuality:100]]
[2020.05.07-05.28.00:372][  0]LogConfig: Setting CVar [[r.AmbientOcclusionLevels:-1]]
[2020.05.07-05.28.00:372][  0]LogConfig: Setting CVar [[r.AmbientOcclusionRadiusScale:1.0]]
[2020.05.07-05.28.00:372][  0]LogConfig: Setting CVar [[r.DepthOfFieldQuality:2]]
[2020.05.07-05.28.00:372][  0]LogConfig: Setting CVar [[r.RenderTargetPoolMin:400]]
[2020.05.07-05.28.00:372][  0]LogConfig: Setting CVar [[r.LensFlareQuality:2]]
[2020.05.07-05.28.00:372][  0]LogConfig: Setting CVar [[r.SceneColorFringeQuality:1]]
[2020.05.07-05.28.00:372][  0]LogConfig: Setting CVar [[r.EyeAdaptationQuality:2]]
[2020.05.07-05.28.00:372][  0]LogConfig: Setting CVar [[r.BloomQuality:5]]
[2020.05.07-05.28.00:372][  0]LogConfig: Setting CVar [[r.FastBlurThreshold:100]]
[2020.05.07-05.28.00:372][  0]LogConfig: Setting CVar [[r.Upscale.Quality:3]]
[2020.05.07-05.28.00:372][  0]LogConfig: Setting CVar [[r.Tonemapper.GrainQuantization:1]]
[2020.05.07-05.28.00:372][  0]LogConfig: Setting CVar [[r.LightShaftQuality:1]]
[2020.05.07-05.28.00:372][  0]LogConfig: Setting CVar [[r.Filter.SizeScale:1]]
[2020.05.07-05.28.00:372][  0]LogConfig: Setting CVar [[r.Tonemapper.Quality:5]]
[2020.05.07-05.28.00:372][  0]LogConfig: Setting CVar [[r.DOF.Gather.AccumulatorQuality:1        ; higher gathering accumulator quality]]
[2020.05.07-05.28.00:372][  0]LogConfig: Setting CVar [[r.DOF.Gather.PostfilterMethod:1          ; Median3x3 postfilering method]]
[2020.05.07-05.28.00:372][  0]LogConfig: Setting CVar [[r.DOF.Gather.EnableBokehSettings:0       ; no bokeh simulation when gathering]]
[2020.05.07-05.28.00:372][  0]LogConfig: Setting CVar [[r.DOF.Gather.RingCount:4                 ; medium number of samples when gathering]]
[2020.05.07-05.28.00:372][  0]LogConfig: Setting CVar [[r.DOF.Scatter.ForegroundCompositing:1    ; additive foreground scattering]]
[2020.05.07-05.28.00:372][  0]LogConfig: Setting CVar [[r.DOF.Scatter.BackgroundCompositing:2    ; additive background scattering]]
[2020.05.07-05.28.00:372][  0]LogConfig: Setting CVar [[r.DOF.Scatter.EnableBokehSettings:1      ; bokeh simulation when scattering]]
[2020.05.07-05.28.00:372][  0]LogConfig: Setting CVar [[r.DOF.Scatter.MaxSpriteRatio:0.1         ; only a maximum of 10% of scattered bokeh]]
[2020.05.07-05.28.00:372][  0]LogConfig: Setting CVar [[r.DOF.Recombine.Quality:1                ; cheap slight out of focus]]
[2020.05.07-05.28.00:372][  0]LogConfig: Setting CVar [[r.DOF.Recombine.EnableBokehSettings:0    ; no bokeh simulation on slight out of focus]]
[2020.05.07-05.28.00:372][  0]LogConfig: Setting CVar [[r.DOF.TemporalAAQuality:1                ; more stable temporal accumulation]]
[2020.05.07-05.28.00:372][  0]LogConfig: Setting CVar [[r.DOF.Kernel.MaxForegroundRadius:0.025]]
[2020.05.07-05.28.00:372][  0]LogConfig: Setting CVar [[r.DOF.Kernel.MaxBackgroundRadius:0.025]]
[2020.05.07-05.28.00:372][  0]LogConfig: Applying CVar settings from Section [TextureQuality@3] File [F:/01 - User Profiles/dudey/Documents/GitHub/Dissertation/Dissertation/Dissertation/Saved/Config/Windows/Scalability.ini]
[2020.05.07-05.28.00:372][  0]LogConfig: Setting CVar [[r.Streaming.MipBias:0]]
[2020.05.07-05.28.00:372][  0]LogConfig: Setting CVar [[r.Streaming.AmortizeCPUToGPUCopy:0]]
[2020.05.07-05.28.00:372][  0]LogConfig: Setting CVar [[r.Streaming.MaxNumTexturesToStreamPerFrame:0]]
[2020.05.07-05.28.00:372][  0]LogConfig: Setting CVar [[r.Streaming.Boost:1]]
[2020.05.07-05.28.00:372][  0]LogConfig: Setting CVar [[r.MaxAnisotropy:8]]
[2020.05.07-05.28.00:372][  0]LogConfig: Setting CVar [[r.VT.MaxAnisotropy:8]]
[2020.05.07-05.28.00:372][  0]LogConfig: Setting CVar [[r.Streaming.LimitPoolSizeToVRAM:0]]
[2020.05.07-05.28.00:372][  0]LogConfig: Setting CVar [[r.Streaming.PoolSize:1000]]
[2020.05.07-05.28.00:372][  0]LogConfig: Setting CVar [[r.Streaming.MaxEffectiveScreenSize:0]]
[2020.05.07-05.28.00:372][  0]LogConfig: Applying CVar settings from Section [EffectsQuality@3] File [F:/01 - User Profiles/dudey/Documents/GitHub/Dissertation/Dissertation/Dissertation/Saved/Config/Windows/Scalability.ini]
[2020.05.07-05.28.00:372][  0]LogConfig: Setting CVar [[r.TranslucencyLightingVolumeDim:64]]
[2020.05.07-05.28.00:372][  0]LogConfig: Setting CVar [[r.RefractionQuality:2]]
[2020.05.07-05.28.00:372][  0]LogConfig: Setting CVar [[r.SSR.Quality:3]]
[2020.05.07-05.28.00:372][  0]LogConfig: Setting CVar [[r.SSR.HalfResSceneColor:0]]
[2020.05.07-05.28.00:372][  0]LogConfig: Setting CVar [[r.SceneColorFormat:4]]
[2020.05.07-05.28.00:372][  0]LogConfig: Setting CVar [[r.DetailMode:2]]
[2020.05.07-05.28.00:372][  0]LogConfig: Setting CVar [[r.TranslucencyVolumeBlur:1]]
[2020.05.07-05.28.00:372][  0]LogConfig: Setting CVar [[r.MaterialQualityLevel:1 ; High quality]]
[2020.05.07-05.28.00:372][  0]LogConfig: Setting CVar [[r.SSS.Scale:1]]
[2020.05.07-05.28.00:372][  0]LogConfig: Setting CVar [[r.SSS.SampleSet:2]]
[2020.05.07-05.28.00:372][  0]LogConfig: Setting CVar [[r.SSS.Quality:1]]
[2020.05.07-05.28.00:372][  0]LogConfig: Setting CVar [[r.SSS.HalfRes:1]]
[2020.05.07-05.28.00:372][  0]LogConfig: Setting CVar [[r.SSGI.Quality:3]]
[2020.05.07-05.28.00:372][  0]LogConfig: Setting CVar [[r.EmitterSpawnRateScale:1.0]]
[2020.05.07-05.28.00:372][  0]LogConfig: Setting CVar [[r.ParticleLightQuality:2]]
[2020.05.07-05.28.00:372][  0]LogConfig: Setting CVar [[r.SkyAtmosphere.AerialPerspectiveLUT.FastApplyOnOpaque:1 ; Always have FastSkyLUT 1 in this case to avoid wrong sky]]
[2020.05.07-05.28.00:373][  0]LogConfig: Setting CVar [[r.SkyAtmosphere.AerialPerspectiveLUT.SampleCountPerSlice:1]]
[2020.05.07-05.28.00:373][  0]LogConfig: Setting CVar [[r.SkyAtmosphere.AerialPerspectiveLUT.DepthResolution:16.0]]
[2020.05.07-05.28.00:373][  0]LogConfig: Setting CVar [[r.SkyAtmosphere.FastSkyLUT:1]]
[2020.05.07-05.28.00:373][  0]LogConfig: Setting CVar [[r.SkyAtmosphere.FastSkyLUT.SampleCountMin:4.0]]
[2020.05.07-05.28.00:373][  0]LogConfig: Setting CVar [[r.SkyAtmosphere.FastSkyLUT.SampleCountMax:32.0]]
[2020.05.07-05.28.00:373][  0]LogConfig: Setting CVar [[r.SkyAtmosphere.SampleCountMin:4.0]]
[2020.05.07-05.28.00:373][  0]LogConfig: Setting CVar [[r.SkyAtmosphere.SampleCountMax:32.0]]
[2020.05.07-05.28.00:373][  0]LogConfig: Setting CVar [[r.SkyAtmosphere.TransmittanceLUT.UseSmallFormat:0]]
[2020.05.07-05.28.00:373][  0]LogConfig: Setting CVar [[r.SkyAtmosphere.TransmittanceLUT.SampleCount:10.0]]
[2020.05.07-05.28.00:373][  0]LogConfig: Setting CVar [[r.SkyAtmosphere.MultiScatteringLUT.SampleCount:15.0]]
[2020.05.07-05.28.00:373][  0]LogConfig: Applying CVar settings from Section [FoliageQuality@3] File [F:/01 - User Profiles/dudey/Documents/GitHub/Dissertation/Dissertation/Dissertation/Saved/Config/Windows/Scalability.ini]
[2020.05.07-05.28.00:373][  0]LogConfig: Setting CVar [[foliage.DensityScale:1.0]]
[2020.05.07-05.28.00:373][  0]LogConfig: Setting CVar [[grass.DensityScale:1.0]]
[2020.05.07-05.28.00:373][  0]LogConfig: Applying CVar settings from Section [ShadingQuality@3] File [F:/01 - User Profiles/dudey/Documents/GitHub/Dissertation/Dissertation/Dissertation/Saved/Config/Windows/Scalability.ini]
[2020.05.07-05.28.00:373][  0]LogConfig: Setting CVar [[r.HairStrands.SkyLighting.SampleCount:16]]
[2020.05.07-05.28.00:373][  0]LogConfig: Setting CVar [[r.HairStrands.SkyLighting.JitterIntegration:0]]
[2020.05.07-05.28.00:373][  0]LogConfig: Setting CVar [[r.HairStrands.SkyAO.SampleCount:16]]
[2020.05.07-05.28.00:373][  0]LogConfig: Applying CVar settings from Section [Startup] File [../../../Engine/Config/ConsoleVariables.ini]
[2020.05.07-05.28.00:373][  0]LogConfig: Setting CVar [[net.UseAdaptiveNetUpdateFrequency:0]]
[2020.05.07-05.28.00:373][  0]LogConfig: Setting CVar [[p.chaos.AllowCreatePhysxBodies:1]]
[2020.05.07-05.28.00:373][  0]LogConfig: Applying CVar settings from Section [ConsoleVariables] File [F:/01 - User Profiles/dudey/Documents/GitHub/Dissertation/Dissertation/Dissertation/Saved/Config/Windows/Engine.ini]
[2020.05.07-05.28.00:373][  0]LogInit: Computer: AIDANS-PC
[2020.05.07-05.28.00:373][  0]LogInit: User: dudey
[2020.05.07-05.28.00:373][  0]LogInit: CPU Page size=4096, Cores=6
[2020.05.07-05.28.00:373][  0]LogInit: High frequency timer resolution =10.000000 MHz
[2020.05.07-05.28.00:374][  0]LogMemory: Memory total: Physical=15.9GB (16GB approx)
[2020.05.07-05.28.00:374][  0]LogMemory: Platform Memory Stats for Windows
[2020.05.07-05.28.00:374][  0]LogMemory: Process Physical Memory: 106.36 MB used, 106.36 MB peak
[2020.05.07-05.28.00:374][  0]LogMemory: Process Virtual Memory: 101.68 MB used, 101.68 MB peak
[2020.05.07-05.28.00:374][  0]LogMemory: Physical Memory: 7500.94 MB used,  8809.49 MB free, 16310.43 MB total
[2020.05.07-05.28.00:374][  0]LogMemory: Virtual Memory: 5124.96 MB used,  134212600.00 MB free, 134217728.00 MB total
[2020.05.07-05.28.00:377][  0]LogWindows: WindowsPlatformFeatures enabled
[2020.05.07-05.28.00:401][  0]LogInit: Using OS detected language (en-GB).
[2020.05.07-05.28.00:401][  0]LogInit: Using OS detected locale (en-GB).
[2020.05.07-05.28.00:403][  0]LogTextLocalizationManager: No specific localization for 'en-GB' exists, so the 'en' localization will be used.
[2020.05.07-05.28.00:556][  0]LogInit: Setting process to per monitor DPI aware
[2020.05.07-05.28.00:603][  0]LogSlate: New Slate User Created.  User Index 0, Is Virtual User: 0
[2020.05.07-05.28.00:603][  0]LogSlate: Slate User Registered.  User Index 0, Is Virtual User: 0
[2020.05.07-05.28.00:934][  0]LogHMD: Failed to initialize OpenVR with code 102
[2020.05.07-05.28.00:935][  0]LogD3D11RHI: D3D11 min allowed feature level: 11_0
[2020.05.07-05.28.00:935][  0]LogD3D11RHI: D3D11 max allowed feature level: 11_0
[2020.05.07-05.28.00:935][  0]LogD3D11RHI: D3D11 adapters:
[2020.05.07-05.28.01:000][  0]LogD3D11RHI:    0. 'NVIDIA GeForce GTX 1070' (Feature Level 11_0)
[2020.05.07-05.28.01:000][  0]LogD3D11RHI:       8088/0/8155 MB DedicatedVideo/DedicatedSystem/SharedSystem, Outputs:3, VendorId:0x10de
[2020.05.07-05.28.01:002][  0]LogD3D11RHI:    1. 'Microsoft Basic Render Driver' (Feature Level 11_0)
[2020.05.07-05.28.01:002][  0]LogD3D11RHI:       0/0/8155 MB DedicatedVideo/DedicatedSystem/SharedSystem, Outputs:0, VendorId:0x1414
[2020.05.07-05.28.01:002][  0]LogD3D11RHI: Chosen D3D11 Adapter: 0
[2020.05.07-05.28.01:012][  0]LogD3D11RHI: Creating new Direct3DDevice
[2020.05.07-05.28.01:012][  0]LogD3D11RHI:     GPU DeviceId: 0x1b81 (for the marketing name, search the web for "GPU Device Id")
[2020.05.07-05.28.01:012][  0]LogWindows: EnumDisplayDevices:
[2020.05.07-05.28.01:012][  0]LogWindows:    0. 'NVIDIA GeForce GTX 1070' (P:1 D:1)
[2020.05.07-05.28.01:012][  0]LogWindows:    1. 'NVIDIA GeForce GTX 1070' (P:0 D:1)
[2020.05.07-05.28.01:013][  0]LogWindows:    2. 'NVIDIA GeForce GTX 1070' (P:0 D:1)
[2020.05.07-05.28.01:013][  0]LogWindows:    3. 'NVIDIA GeForce GTX 1070' (P:0 D:0)
[2020.05.07-05.28.01:013][  0]LogWindows: DebugString: FoundDriverCount:4 
[2020.05.07-05.28.01:013][  0]LogD3D11RHI:     Adapter Name: NVIDIA GeForce GTX 1070
[2020.05.07-05.28.01:013][  0]LogD3D11RHI:   Driver Version: 442.59 (internal:26.21.14.4259, unified:442.59)
[2020.05.07-05.28.01:013][  0]LogD3D11RHI:      Driver Date: 3-4-2020
[2020.05.07-05.28.01:013][  0]LogRHI: Texture pool is 5661 MB (70% of 8088 MB)
[2020.05.07-05.28.01:061][  0]LogD3D11RHI: RHI has support for 64 bit atomics
[2020.05.07-05.28.01:061][  0]LogD3D11RHI: Async texture creation enabled
[2020.05.07-05.28.01:088][  0]LogD3D11RHI: GPU Timing Frequency: 1000.000000 (Debug: 2 1)
[2020.05.07-05.28.01:398][  0]LogTargetPlatformManager: Display: Loaded TargetPlatform 'AllDesktop'
[2020.05.07-05.28.01:432][  0]LogTargetPlatformManager: Display: Loaded TargetPlatform 'Android'
[2020.05.07-05.28.01:432][  0]LogTargetPlatformManager: Display: Loaded TargetPlatform 'Android_ASTC'
[2020.05.07-05.28.01:432][  0]LogTargetPlatformManager: Display: Loaded TargetPlatform 'Android_ATC'
[2020.05.07-05.28.01:432][  0]LogTargetPlatformManager: Display: Loaded TargetPlatform 'Android_DXT'
[2020.05.07-05.28.01:432][  0]LogTargetPlatformManager: Display: Loaded TargetPlatform 'Android_ETC1'
[2020.05.07-05.28.01:432][  0]LogTargetPlatformManager: Display: Loaded TargetPlatform 'Android_ETC1a'
[2020.05.07-05.28.01:432][  0]LogTargetPlatformManager: Display: Loaded TargetPlatform 'Android_ETC2'
[2020.05.07-05.28.01:432][  0]LogTargetPlatformManager: Display: Loaded TargetPlatform 'Android_PVRTC'
[2020.05.07-05.28.01:432][  0]LogTargetPlatformManager: Display: Loaded TargetPlatform 'AndroidClient'
[2020.05.07-05.28.01:432][  0]LogTargetPlatformManager: Display: Loaded TargetPlatform 'Android_ASTCClient'
[2020.05.07-05.28.01:432][  0]LogTargetPlatformManager: Display: Loaded TargetPlatform 'Android_ATCClient'
[2020.05.07-05.28.01:432][  0]LogTargetPlatformManager: Display: Loaded TargetPlatform 'Android_DXTClient'
[2020.05.07-05.28.01:432][  0]LogTargetPlatformManager: Display: Loaded TargetPlatform 'Android_ETC1Client'
[2020.05.07-05.28.01:432][  0]LogTargetPlatformManager: Display: Loaded TargetPlatform 'Android_ETC1aClient'
[2020.05.07-05.28.01:432][  0]LogTargetPlatformManager: Display: Loaded TargetPlatform 'Android_ETC2Client'
[2020.05.07-05.28.01:432][  0]LogTargetPlatformManager: Display: Loaded TargetPlatform 'Android_PVRTCClient'
[2020.05.07-05.28.01:432][  0]LogTargetPlatformManager: Display: Loaded TargetPlatform 'Android_Multi'
[2020.05.07-05.28.01:432][  0]LogTargetPlatformManager: Display: Loaded TargetPlatform 'Android_MultiClient'
[2020.05.07-05.28.01:454][  0]LogTargetPlatformManager: Display: Loaded TargetPlatform 'IOSClient'
[2020.05.07-05.28.01:454][  0]LogTargetPlatformManager: Display: Loaded TargetPlatform 'IOS'
[2020.05.07-05.28.01:462][  0]LogTargetPlatformManager: Display: Loaded TargetPlatform 'LinuxNoEditor'
[2020.05.07-05.28.01:470][  0]LogTargetPlatformManager: Display: Loaded TargetPlatform 'LinuxClient'
[2020.05.07-05.28.01:479][  0]LogTargetPlatformManager: Display: Loaded TargetPlatform 'LinuxServer'
[2020.05.07-05.28.01:488][  0]LogTargetPlatformManager: Display: Loaded TargetPlatform 'LinuxAArch64NoEditor'
[2020.05.07-05.28.01:496][  0]LogTargetPlatformManager: Display: Loaded TargetPlatform 'LinuxAArch64Client'
[2020.05.07-05.28.01:504][  0]LogTargetPlatformManager: Display: Loaded TargetPlatform 'LinuxAArch64Server'
[2020.05.07-05.28.01:533][  0]LogTargetPlatformManager: Display: Loaded TargetPlatform 'Lumin'
[2020.05.07-05.28.01:533][  0]LogTargetPlatformManager: Display: Loaded TargetPlatform 'LuminClient'
[2020.05.07-05.28.01:551][  0]LogTargetPlatformManager: Display: Loaded TargetPlatform 'TVOSClient'
[2020.05.07-05.28.01:551][  0]LogTargetPlatformManager: Display: Loaded TargetPlatform 'TVOS'
[2020.05.07-05.28.01:559][  0]LogTargetPlatformManager: Display: Loaded TargetPlatform 'WindowsNoEditor'
[2020.05.07-05.28.01:569][  0]LogTargetPlatformManager: Display: Loaded TargetPlatform 'Windows'
[2020.05.07-05.28.01:577][  0]LogTargetPlatformManager: Display: Loaded TargetPlatform 'WindowsClient'
[2020.05.07-05.28.01:585][  0]LogTargetPlatformManager: Display: Loaded TargetPlatform 'WindowsServer'
[2020.05.07-05.28.01:585][  0]LogTargetPlatformManager: Display: Building Assets For Windows
[2020.05.07-05.28.01:589][  0]LogAudioDebug: Display: Lib vorbis DLL was dynamically loaded.
[2020.05.07-05.28.01:615][  0]LogShaderCompilers: Guid format shader working directory is -25 characters bigger than the processId version (F:/01 - User Profiles/dudey/Documents/GitHub/Dissertation/Dissertation/Dissertation/Intermediate/Shaders/WorkingDirectory/18116/).
[2020.05.07-05.28.01:615][  0]LogShaderCompilers: Cleaned the shader compiler working directory 'F:/01 - User Profiles/dudey/AppData/Local/Temp/UnrealShaderWorkingDir/71BBEFC846799C05C26AB38161A45D77/'.
[2020.05.07-05.28.01:616][  0]LogXGEController: Cannot use XGE Controller as Incredibuild is not installed on this machine.
[2020.05.07-05.28.01:616][  0]LogShaderCompilers: Cannot use XGE Shader Compiler as Incredibuild is not installed on this machine.
[2020.05.07-05.28.01:616][  0]LogShaderCompilers: Display: Using Local Shader Compiler.
[2020.05.07-05.28.02:374][  0]LogDerivedDataCache: Display: Max Cache Size: 512 MB
[2020.05.07-05.28.02:422][  0]LogDerivedDataCache: Loaded boot cache 0.05s 81MB F:/01 - User Profiles/dudey/AppData/Local/UnrealEngine/4.24/DerivedDataCache/Boot.ddc.
[2020.05.07-05.28.02:422][  0]LogDerivedDataCache: Display: Loaded Boot cache: F:/01 - User Profiles/dudey/AppData/Local/UnrealEngine/4.24/DerivedDataCache/Boot.ddc
[2020.05.07-05.28.02:422][  0]LogDerivedDataCache: FDerivedDataBackendGraph:  Pak pak cache file F:/01 - User Profiles/dudey/Documents/GitHub/Dissertation/Dissertation/Dissertation/DerivedDataCache/DDC.ddp not found, will not use a pak cache.
[2020.05.07-05.28.02:422][  0]LogDerivedDataCache: Unable to find inner node Pak for hierarchical cache Hierarchy.
[2020.05.07-05.28.02:423][  0]LogDerivedDataCache: FDerivedDataBackendGraph:  CompressedPak pak cache file F:/01 - User Profiles/dudey/Documents/GitHub/Dissertation/Dissertation/Dissertation/DerivedDataCache/Compressed.ddp not found, will not use a pak cache.
[2020.05.07-05.28.02:423][  0]LogDerivedDataCache: Unable to find inner node CompressedPak for hierarchical cache Hierarchy.
[2020.05.07-05.28.02:433][  0]LogDerivedDataCache: Display: Pak cache opened for reading ../../../Engine/DerivedDataCache/Compressed.ddp.
[2020.05.07-05.28.02:433][  0]LogDerivedDataCache: FDerivedDataBackendGraph:  EnterprisePak pak cache file ../../../Enterprise/DerivedDataCache/Compressed.ddp not found, will not use a pak cache.
[2020.05.07-05.28.02:433][  0]LogDerivedDataCache: Unable to find inner node EnterprisePak for hierarchical cache Hierarchy.
[2020.05.07-05.28.02:434][  0]LogDerivedDataCache: Using Local data cache path F:/01 - User Profiles/dudey/AppData/Local/UnrealEngine/Common/DerivedDataCache: Writable
[2020.05.07-05.28.02:434][  0]LogDerivedDataCache: Shared data cache path not found in *engine.ini, will not use an Shared cache.
[2020.05.07-05.28.02:434][  0]LogDerivedDataCache: Unable to find inner node Shared for hierarchical cache Hierarchy.
[2020.05.07-05.28.02:460][  0]LogMaterial: Verifying Global Shaders for PCD3D_SM5
[2020.05.07-05.28.02:463][  0]LogSlate: Using FreeType 2.10.0
[2020.05.07-05.28.02:464][  0]LogSlate: SlateFontServices - WITH_FREETYPE: 1, WITH_HARFBUZZ: 1
[2020.05.07-05.28.02:540][  0]LogAssetRegistry: FAssetRegistry took 0.0027 seconds to start up
[2020.05.07-05.28.02:854][  0]LogInit: Selected Device Profile: [Windows]
[2020.05.07-05.28.03:017][  0]LogMeshReduction: Using QuadricMeshReduction for automatic static mesh reduction
[2020.05.07-05.28.03:017][  0]LogMeshReduction: Using SimplygonMeshReduction for automatic skeletal mesh reduction
[2020.05.07-05.28.03:017][  0]LogMeshReduction: Using ProxyLODMeshReduction for automatic mesh merging
[2020.05.07-05.28.03:017][  0]LogMeshReduction: No distributed automatic mesh merging module available
[2020.05.07-05.28.03:017][  0]LogMeshMerging: No distributed automatic mesh merging module available
[2020.05.07-05.28.03:043][  0]LogNetVersion: Dissertation 1.0.0, NetCL: 10570792, EngineNetVer: 13, GameNetVer: 0 (Checksum: 3588521286)
[2020.05.07-05.28.04:373][  0]LogPackageLocalizationCache: Processed 10 localized package path(s) for 1 prioritized culture(s) in 0.049096 seconds
[2020.05.07-05.28.04:381][  0]LogUObjectArray: 46750 objects as part of root set at end of initial load.
[2020.05.07-05.28.04:381][  0]LogUObjectAllocator: 8137160 out of 0 bytes used by permanent object pool.
[2020.05.07-05.28.04:381][  0]LogUObjectArray: CloseDisregardForGC: 0/0 objects in disregard for GC pool
[2020.05.07-05.28.04:817][  0]LogTcpMessaging: Initializing TcpMessaging bridge
[2020.05.07-05.28.04:820][  0]LogUdpMessaging: Initializing bridge on interface 0.0.0.0:0 to multicast group 230.0.0.1:6666.
[2020.05.07-05.28.05:179][  0]SourceControl: Source control is disabled
[2020.05.07-05.28.05:179][  0]SourceControl: Source control is disabled
[2020.05.07-05.28.05:180][  0]SourceControl: Source control is disabled
[2020.05.07-05.28.05:181][  0]SourceControl: Source control is disabled
[2020.05.07-05.28.05:182][  0]SourceControl: Source control is disabled
[2020.05.07-05.28.05:273][  0]LogAndroidPermission: UAndroidPermissionCallbackProxy::GetInstance
[2020.05.07-05.28.05:285][  0]LogAudioCaptureCore: Display: No Audio Capture implementations found. Audio input will be silent.
[2020.05.07-05.28.05:285][  0]LogAudioCaptureCore: Display: No Audio Capture implementations found. Audio input will be silent.
[2020.05.07-05.28.05:378][  0]LogOcInput: OculusInput pre-init called
[2020.05.07-05.28.05:387][  0]LogWindows: Failed to load 'OVRPlugin.dll' (GetLastError=126)
[2020.05.07-05.28.05:387][  0]LogWindows: File 'OVRPlugin.dll' does not exist
[2020.05.07-05.28.05:458][  0]LogEngine: Initializing Engine...
[2020.05.07-05.28.05:461][  0]LogHMD: Failed to initialize OpenVR with code 102
[2020.05.07-05.28.05:462][  0]LogStats: UGameplayTagsManager::InitializeManager -  0.000 s
[2020.05.07-05.28.05:818][  0]LogInit: Initializing FReadOnlyCVARCache
[2020.05.07-05.28.05:824][  0]LogAIModule: Creating AISystem for world Untitled
[2020.05.07-05.28.05:834][  0]LogAudioMixer: Display: Audio Mixer Platform Settings:
[2020.05.07-05.28.05:834][  0]LogAudioMixer: Display: 	Sample Rate:						  48000
[2020.05.07-05.28.05:834][  0]LogAudioMixer: Display: 	Callback Buffer Frame Size Requested: 1024
[2020.05.07-05.28.05:834][  0]LogAudioMixer: Display: 	Callback Buffer Frame Size To Use:	  1024
[2020.05.07-05.28.05:834][  0]LogAudioMixer: Display: 	Number of buffers to queue:			  2
[2020.05.07-05.28.05:834][  0]LogAudioMixer: Display: 	Max Channels (voices):				  32
[2020.05.07-05.28.05:834][  0]LogAudioMixer: Display: 	Number of Async Source Workers:		  0
[2020.05.07-05.28.05:834][  0]LogAudio: Display: AudioDevice MaxSources: 32
[2020.05.07-05.28.05:834][  0]LogAudio: Display: Using built-in audio occlusion.
[2020.05.07-05.28.05:834][  0]LogAudioMixer: Display: Initializing audio mixer.
[2020.05.07-05.28.05:917][  0]LogAudioMixer: Display: Audio Device Output Speaker Info:
[2020.05.07-05.28.05:917][  0]LogAudioMixer: Display: Name: Speakers (Realtek High Definition Audio)
[2020.05.07-05.28.05:917][  0]LogAudioMixer: Display: Is Default: Yes
[2020.05.07-05.28.05:917][  0]LogAudioMixer: Display: Sample Rate: 48000
[2020.05.07-05.28.05:917][  0]LogAudioMixer: Display: Channel Count Used: 2
[2020.05.07-05.28.05:917][  0]LogAudioMixer: Display: Device Channel Count: 2
[2020.05.07-05.28.05:917][  0]LogAudioMixer: Display: Channel Order:
[2020.05.07-05.28.05:917][  0]LogAudioMixer: Display: 0: FrontLeft
[2020.05.07-05.28.05:917][  0]LogAudioMixer: Display: 1: FrontRight
[2020.05.07-05.28.05:969][  0]LogAudioMixer: Display: Using Audio Device Speakers (Realtek High Definition Audio)
[2020.05.07-05.28.05:973][  0]LogInit: FAudioDevice initialized.
[2020.05.07-05.28.05:974][  0]LogNetVersion: Set ProjectVersion to 1.0.0.0. Version Checksum will be recalculated on next use.
[2020.05.07-05.28.07:152][  0]LogDerivedDataCache: Saved boot cache 1.18s 81MB F:/01 - User Profiles/dudey/AppData/Local/UnrealEngine/4.24/DerivedDataCache/Boot.ddc.
[2020.05.07-05.28.07:154][  0]LogInit: Texture streaming: Enabled
[2020.05.07-05.28.07:165][  0]LogEngineSessionManager: EngineSessionManager initialized
[2020.05.07-05.28.07:165][  0]LogEditorSessionSummary: Verbose: Initializing EditorSessionSummaryWriter for editor session tracking
[2020.05.07-05.28.07:168][  0]LogEditorSessionSummary: EditorSessionSummaryWriter initialized
[2020.05.07-05.28.07:209][  0]LogInit: Transaction tracking system initialized
[2020.05.07-05.28.07:220][  0]BlueprintLog: New page: Editor Load
[2020.05.07-05.28.07:257][  0]LocalizationService: Localization service is disabled
[2020.05.07-05.28.07:556][  0]LogCook: Display: Max memory allowance for cook 16384mb min free memory 0mb
[2020.05.07-05.28.07:556][  0]LogCook: Display: Mobile HDR setting 1
[2020.05.07-05.28.07:651][  0]LogFileCache: Scanning file cache for directory 'F:/01 - User Profiles/dudey/Documents/GitHub/Dissertation/Dissertation/Dissertation/Content/' took 0.02s
[2020.05.07-05.28.08:561][  0]SourceControl: Source control is disabled
[2020.05.07-05.28.08:561][  0]Cmd: MAP LOAD FILE="F:/01 - User Profiles/dudey/Documents/GitHub/Dissertation/Dissertation/Dissertation/Content/FirstPersonCPP/Maps/FirstPersonExampleMap.umap" TEMPLATE=0 SHOWPROGRESS=1 FEATURELEVEL=3
[2020.05.07-05.28.08:562][  0]LightingResults: New page: Lighting Build
[2020.05.07-05.28.08:563][  0]LogWorld: UWorld::CleanupWorld for Untitled, bSessionEnded=true, bCleanupResources=true
[2020.05.07-05.28.08:563][  0]LogSlate: InvalidateAllWidgets triggered.  All widgets were invalidated
[2020.05.07-05.28.08:563][  0]MapCheck: New page: Map Check
[2020.05.07-05.28.08:563][  0]LightingResults: New page: Lighting Build
[2020.05.07-05.28.08:596][  0]LogUObjectHash: Compacting FUObjectHashTables data took   2.08ms
[2020.05.07-05.28.08:699][  0]LogAIModule: Creating AISystem for world FirstPersonExampleMap
[2020.05.07-05.28.08:705][  0]LogEditorServer: Finished looking for orphan Actors (0.000 secs)
[2020.05.07-05.28.08:739][  0]LogUObjectHash: Compacting FUObjectHashTables data took   2.10ms
[2020.05.07-05.28.08:739][  0]Cmd: MAP CHECKDEP NOCLEARLOG
[2020.05.07-05.28.08:740][  0]MapCheck: Map check complete: 0 Error(s), 0 Warning(s), took 0.363ms to complete.
[2020.05.07-05.28.08:740][  0]LogFileHelpers: Loading map 'FirstPersonExampleMap' took 0.178
[2020.05.07-05.28.08:894][  0]LogSlate: Updating window title bar state: overlay mode, drag disabled, window buttons hidden, title bar hidden
[2020.05.07-05.28.08:901][  0]LogSlate: Updating window title bar state: overlay mode, drag disabled, window buttons hidden, title bar hidden
[2020.05.07-05.28.08:907][  0]LogSlate: Updating window title bar state: overlay mode, drag disabled, window buttons hidden, title bar hidden
[2020.05.07-05.28.08:913][  0]LogSlate: Updating window title bar state: overlay mode, drag disabled, window buttons hidden, title bar hidden
[2020.05.07-05.28.08:920][  0]LogCollectionManager: Loaded 0 collections in 0.002126 seconds
[2020.05.07-05.28.08:936][  0]LogFileCache: Scanning file cache for directory 'F:/01 - User Profiles/dudey/Documents/GitHub/Dissertation/Dissertation/Dissertation/Saved/Collections/' took 0.00s
[2020.05.07-05.28.08:936][  0]LogFileCache: Scanning file cache for directory 'F:/01 - User Profiles/dudey/Documents/GitHub/Dissertation/Dissertation/Dissertation/Content/Developers/dudey/Collections/' took 0.00s
[2020.05.07-05.28.08:936][  0]LogFileCache: Scanning file cache for directory 'F:/01 - User Profiles/dudey/Documents/GitHub/Dissertation/Dissertation/Dissertation/Content/Collections/' took 0.00s
[2020.05.07-05.28.08:936][  0]LogContentBrowser: Native class hierarchy populated in 0.0100 seconds. Added 3021 classes and 719 folders.
[2020.05.07-05.28.08:942][  0]LogContentBrowser: Native class hierarchy updated for 'WidgetCarousel' in 0.0006 seconds. Added 0 classes and 0 folders.
[2020.05.07-05.28.09:116][  0]LogContentBrowser: Native class hierarchy updated for 'AddContentDialog' in 0.0006 seconds. Added 0 classes and 0 folders.
[2020.05.07-05.28.09:120][  0]LogContentBrowser: Native class hierarchy updated for 'SceneOutliner' in 0.0007 seconds. Added 2 classes and 3 folders.
[2020.05.07-05.28.10:250][  0]LogSlate: Took 0.000374 seconds to synchronously load lazily loaded font '../../../Engine/Content/Slate/Fonts/Roboto-Regular.ttf' (155K)
[2020.05.07-05.28.10:252][  0]LogSlate: Took 0.000273 seconds to synchronously load lazily loaded font '../../../Engine/Content/Slate/Fonts/Roboto-Bold.ttf' (160K)
[2020.05.07-05.28.10:257][  0]LogSlate: Took 0.000440 seconds to synchronously load lazily loaded font '../../../Engine/Content/Editor/Slate/Fonts/FontAwesome.ttf' (139K)
[2020.05.07-05.28.10:349][  0]LogRenderer: Reallocating scene render targets to support 1616x808 Format 10 NumSamples 1 (Frame:1).
[2020.05.07-05.28.10:458][  0]LogContentBrowser: Native class hierarchy updated for 'HierarchicalLODOutliner' in 0.0007 seconds. Added 0 classes and 0 folders.
[2020.05.07-05.28.10:458][  0]LogLoad: (Engine Initialization) Total time: 13.63 seconds
[2020.05.07-05.28.10:458][  0]LogLoad: (Engine Initialization) Total Blueprint compile time: 0.00 seconds
[2020.05.07-05.28.10:533][  0]LogContentStreaming: Texture pool size now 1000 MB
[2020.05.07-05.28.10:581][  1]LogAssetRegistry: Asset discovery search completed in 8.0421 seconds
[2020.05.07-05.28.10:585][  1]LogCollectionManager: Fixed up redirectors for 0 collections in 0.000008 seconds (updated 0 objects)
[2020.05.07-05.28.14:602][465]LogTemp: Repeating last play command: Selected Viewport
[2020.05.07-05.28.14:639][465]LogBlueprintUserMessages: Early PlayInEditor Detection: Level '/Game/FirstPersonCPP/Maps/FirstPersonExampleMap.FirstPersonExampleMap:PersistentLevel' has LevelScriptBlueprint '/Game/FirstPersonCPP/Maps/FirstPersonExampleMap.FirstPersonExampleMap:PersistentLevel.FirstPersonExampleMap' with GeneratedClass '/Game/FirstPersonCPP/Maps/FirstPersonExampleMap.FirstPersonExampleMap_C' with ClassGeneratedBy '/Game/FirstPersonCPP/Maps/FirstPersonExampleMap.FirstPersonExampleMap:PersistentLevel.FirstPersonExampleMap'
[2020.05.07-05.28.14:639][465]LogPlayLevel: PlayLevel: No blueprints needed recompiling
[2020.05.07-05.28.14:640][465]PIE: New page: PIE session: FirstPersonExampleMap (7 May 2020, 07:28:14)
[2020.05.07-05.28.14:641][465]LogOnline: OSS: Creating online subsystem instance for: NULL
[2020.05.07-05.28.14:641][465]LogOnline: OSS: TryLoadSubsystemAndSetDefault: Loaded subsystem for module [NULL]
[2020.05.07-05.28.14:642][465]LogPlayLevel: Creating play world package: /Game/FirstPersonCPP/Maps/UEDPIE_0_FirstPersonExampleMap
[2020.05.07-05.28.14:654][465]LogPlayLevel: PIE: StaticDuplicateObject took: (0.012603s)
[2020.05.07-05.28.14:655][465]LogAIModule: Creating AISystem for world FirstPersonExampleMap
[2020.05.07-05.28.14:655][465]LogPlayLevel: PIE: World Init took: (0.000978s)
[2020.05.07-05.28.14:656][465]LogPlayLevel: PIE: Created PIE world by copying editor world from /Game/FirstPersonCPP/Maps/FirstPersonExampleMap.FirstPersonExampleMap to /Game/FirstPersonCPP/Maps/UEDPIE_0_FirstPersonExampleMap.FirstPersonExampleMap (0.014007s)
[2020.05.07-05.28.14:688][465]LogUObjectHash: Compacting FUObjectHashTables data took   1.43ms
[2020.05.07-05.28.14:690][465]LogAudioMixer: Display: Audio Mixer Platform Settings:
[2020.05.07-05.28.14:690][465]LogAudioMixer: Display: 	Sample Rate:						  48000
[2020.05.07-05.28.14:690][465]LogAudioMixer: Display: 	Callback Buffer Frame Size Requested: 1024
[2020.05.07-05.28.14:690][465]LogAudioMixer: Display: 	Callback Buffer Frame Size To Use:	  1024
[2020.05.07-05.28.14:690][465]LogAudioMixer: Display: 	Number of buffers to queue:			  2
[2020.05.07-05.28.14:690][465]LogAudioMixer: Display: 	Max Channels (voices):				  32
[2020.05.07-05.28.14:690][465]LogAudioMixer: Display: 	Number of Async Source Workers:		  0
[2020.05.07-05.28.14:690][465]LogAudio: Display: AudioDevice MaxSources: 32
[2020.05.07-05.28.14:691][465]LogAudio: Display: Using built-in audio occlusion.
[2020.05.07-05.28.14:691][465]LogAudioMixer: Display: Initializing audio mixer.
[2020.05.07-05.28.14:765][465]LogAudioMixer: Display: Audio Device Output Speaker Info:
[2020.05.07-05.28.14:765][465]LogAudioMixer: Display: Name: Speakers (Realtek High Definition Audio)
[2020.05.07-05.28.14:765][465]LogAudioMixer: Display: Is Default: Yes
[2020.05.07-05.28.14:765][465]LogAudioMixer: Display: Sample Rate: 48000
[2020.05.07-05.28.14:765][465]LogAudioMixer: Display: Channel Count Used: 2
[2020.05.07-05.28.14:765][465]LogAudioMixer: Display: Device Channel Count: 2
[2020.05.07-05.28.14:765][465]LogAudioMixer: Display: Channel Order:
[2020.05.07-05.28.14:765][465]LogAudioMixer: Display: 0: FrontLeft
[2020.05.07-05.28.14:765][465]LogAudioMixer: Display: 1: FrontRight
[2020.05.07-05.28.14:784][465]LogAudioMixer: Display: Using Audio Device Speakers (Realtek High Definition Audio)
[2020.05.07-05.28.14:785][465]LogInit: FAudioDevice initialized.
[2020.05.07-05.28.14:791][465]LogLoad: Game class is 'DissertationGameMode'
[2020.05.07-05.28.14:793][465]LogWorld: Bringing World /Game/FirstPersonCPP/Maps/UEDPIE_0_FirstPersonExampleMap.FirstPersonExampleMap up for play (max tick rate 0) at 2020.05.07-06.28.14
[2020.05.07-05.28.14:793][465]LogWorld: Bringing up level for play took: 0.001544
[2020.05.07-05.28.14:793][465]LogOnline: OSS: Creating online subsystem instance for: :Context_2
[2020.05.07-05.28.14:797][465]LogContentBrowser: Native class hierarchy updated for 'MovieSceneCapture' in 0.0007 seconds. Added 20 classes and 0 folders.
[2020.05.07-05.28.14:797][465]PIE: Play in editor start time for /Game/FirstPersonCPP/Maps/UEDPIE_0_FirstPersonExampleMap 0.791
[2020.05.07-05.28.14:798][465]LogBlueprintUserMessages: Late PlayInEditor Detection: Level '/Game/FirstPersonCPP/Maps/FirstPersonExampleMap.FirstPersonExampleMap:PersistentLevel' has LevelScriptBlueprint '/Game/FirstPersonCPP/Maps/FirstPersonExampleMap.FirstPersonExampleMap:PersistentLevel.FirstPersonExampleMap' with GeneratedClass '/Game/FirstPersonCPP/Maps/FirstPersonExampleMap.FirstPersonExampleMap_C' with ClassGeneratedBy '/Game/FirstPersonCPP/Maps/FirstPersonExampleMap.FirstPersonExampleMap:PersistentLevel.FirstPersonExampleMap'
[2020.05.07-05.28.18:748][567]LogWindows: Error: === Critical error: ===
[2020.05.07-05.28.18:748][567]LogWindows: Error: 
[2020.05.07-05.28.18:748][567]LogWindows: Error: Fatal error!
[2020.05.07-05.28.18:748][567]LogWindows: Error: 
[2020.05.07-05.28.18:748][567]LogWindows: Error: Unhandled Exception: EXCEPTION_ACCESS_VIOLATION reading address 0x000002f0
[2020.05.07-05.28.18:748][567]LogWindows: Error: 
[2020.05.07-05.28.18:748][567]LogWindows: Error: [Callstack] 0x00007ff84ec671e9 UE4Editor-Dissertation-2178.dll!ADissertationCharacter::WeaponDurability() [F:\01 - User Profiles\dudey\Documents\GitHub\Dissertation\Dissertation\Dissertation\Source\Dissertation\DissertationCharacter.cpp:204]
[2020.05.07-05.28.18:748][567]LogWindows: Error: [Callstack] 0x00007ff86d5f5376 UE4Editor-Engine.dll!UnknownFunction []
[2020.05.07-05.28.18:748][567]LogWindows: Error: [Callstack] 0x00007ff86d61e631 UE4Editor-Engine.dll!UnknownFunction []
[2020.05.07-05.28.18:748][567]LogWindows: Error: [Callstack] 0x00007ff86d100043 UE4Editor-Engine.dll!UnknownFunction []
[2020.05.07-05.28.18:748][567]LogWindows: Error: [Callstack] 0x00007ff86d111e3d UE4Editor-Engine.dll!UnknownFunction []
[2020.05.07-05.28.18:748][567]LogWindows: Error: [Callstack] 0x00007ff86d0fdfcb UE4Editor-Engine.dll!UnknownFunction []
[2020.05.07-05.28.18:748][567]LogWindows: Error: [Callstack] 0x00007ff86d110267 UE4Editor-Engine.dll!UnknownFunction []
[2020.05.07-05.28.18:748][567]LogWindows: Error: [Callstack] 0x00007ff86c3b7866 UE4Editor-Engine.dll!UnknownFunction []
[2020.05.07-05.28.18:749][567]LogWindows: Error: [Callstack] 0x00007ff86d4f7223 UE4Editor-Engine.dll!UnknownFunction []
[2020.05.07-05.28.18:749][567]LogWindows: Error: [Callstack] 0x00007ff86d505256 UE4Editor-Engine.dll!UnknownFunction []
[2020.05.07-05.28.18:749][567]LogWindows: Error: [Callstack] 0x00007ff8709a9ff2 UE4Editor-Core.dll!UnknownFunction []
[2020.05.07-05.28.18:749][567]LogWindows: Error: [Callstack] 0x00007ff8709aa393 UE4Editor-Core.dll!UnknownFunction []
[2020.05.07-05.28.18:749][567]LogWindows: Error: [Callstack] 0x00007ff8709baa68 UE4Editor-Core.dll!UnknownFunction []
[2020.05.07-05.28.18:749][567]LogWindows: Error: [Callstack] 0x00007ff86d5238b0 UE4Editor-Engine.dll!UnknownFunction []
[2020.05.07-05.28.18:749][567]LogWindows: Error: [Callstack] 0x00007ff86d5297c2 UE4Editor-Engine.dll!UnknownFunction []
[2020.05.07-05.28.18:749][567]LogWindows: Error: [Callstack] 0x00007ff86ccaa25f UE4Editor-Engine.dll!UnknownFunction []
[2020.05.07-05.28.18:749][567]LogWindows: Error: [Callstack] 0x00007ff86ccb5127 UE4Editor-Engine.dll!UnknownFunction []
[2020.05.07-05.28.18:749][567]LogWindows: Error: [Callstack] 0x00007ff86a9cad60 UE4Editor-UnrealEd.dll!UnknownFunction []
[2020.05.07-05.28.18:749][567]LogWindows: Error: [Callstack] 0x00007ff86b22e476 UE4Editor-UnrealEd.dll!UnknownFunction []
[2020.05.07-05.28.18:749][567]LogWindows: Error: [Callstack] 0x00007ff69bcf7f62 UE4Editor.exe!UnknownFunction []
[2020.05.07-05.28.18:749][567]LogWindows: Error: [Callstack] 0x00007ff69bd0c3ec UE4Editor.exe!UnknownFunction []
[2020.05.07-05.28.18:749][567]LogWindows: Error: [Callstack] 0x00007ff69bd0c4ca UE4Editor.exe!UnknownFunction []
[2020.05.07-05.28.18:749][567]LogWindows: Error: [Callstack] 0x00007ff69bd1ceae UE4Editor.exe!UnknownFunction []
[2020.05.07-05.28.18:749][567]LogWindows: Error: [Callstack] 0x00007ff69bd1fcbe UE4Editor.exe!UnknownFunction []
[2020.05.07-05.28.18:749][567]LogWindows: Error: [Callstack] 0x00007ff8d9d27bd4 KERNEL32.DLL!UnknownFunction []
[2020.05.07-05.28.18:749][567]LogWindows: Error: [Callstack] 0x00007ff8dac6ce51 ntdll.dll!UnknownFunction []
[2020.05.07-05.28.18:749][567]LogWindows: Error: 
[2020.05.07-05.28.18:787][567]LogExit: Executing StaticShutdownAfterError
[2020.05.07-05.28.18:790][567]LogWindows: FPlatformMisc::RequestExit(1)
[2020.05.07-05.28.18:790][567]LogCore: Engine exit requested (reason: Win RequestExit)
[2020.05.07-05.28.18:802][567]Log file closed, 05/07/20 06:28:18
